{
  "stats": {
    "suites": 1,
    "tests": 9,
    "passes": 2,
    "pending": 0,
    "failures": 7,
    "start": "2022-02-28T08:17:04.747Z",
    "end": "2022-02-28T08:17:43.568Z",
    "duration": 38821,
    "testsRegistered": 9,
    "passPercent": 22.22222222222222,
    "pendingPercent": 0,
    "other": 0,
    "hasOther": false,
    "skipped": 0,
    "hasSkipped": false
  },
  "results": [
    {
      "uuid": "8a74725b-9a54-4b4c-a50b-8f4c513b02f4",
      "title": "",
      "fullFile": "cypress/integration/2-shell-web-dev/shell-bi-dev.js",
      "file": "cypress/integration/2-shell-web-dev/shell-bi-dev.js",
      "beforeHooks": [],
      "afterHooks": [],
      "tests": [],
      "suites": [
        {
          "uuid": "42761acb-704e-4dec-950b-745a91456194",
          "title": "shell-web",
          "fullFile": "",
          "file": "",
          "beforeHooks": [],
          "afterHooks": [],
          "tests": [
            {
              "title": "login",
              "fullTitle": "shell-web login",
              "timedOut": null,
              "duration": 8697,
              "state": "failed",
              "speed": null,
              "pass": false,
              "fail": true,
              "pending": false,
              "context": null,
              "code": "cy.visit('https://b2b-dev.digitalshell.com.cn/shell/bi/#/').get('#kc-page-logo').should('be.visible').get('#username').clear().type('huan.zhang@thoughtworks.com').get('#password').clear().type('12345678').get('#kc-login').click().get('.logo').should('be.visible') //shell logo\n.get('#page > div.sh-side-bar.side-bar > div.title-bar > ul > li.active').should('contain', '设备概览') //高亮第一个\n.get('.icon-chevrons-right.rotate').should('be.visible');\ncy.get('.icon-chevrons-right.rotate').click() //箭头\n.get('.icon-chevrons-right').should('be.visible');\ncy.get('.icon-chevrons-right').click();",
              "err": {
                "message": "AssertionError: Timed out retrying after 4000ms: expected '<li.active>' to contain '设备概览'",
                "estack": "AssertionError: Timed out retrying after 4000ms: expected '<li.active>' to contain '设备概览'\n    at Context.eval (https://b2b-dev.digitalshell.com.cn/__cypress/tests?p=cypress/integration/2-shell-web-dev/shell-bi-dev.js:104:79)",
                "diff": null
              },
              "uuid": "401a40bb-9409-4334-b2f2-ac438484c827",
              "parentUUID": "42761acb-704e-4dec-950b-745a91456194",
              "isHook": false,
              "skipped": false
            },
            {
              "title": "equipment",
              "fullTitle": "shell-web equipment",
              "timedOut": null,
              "duration": 3165,
              "state": "failed",
              "speed": null,
              "pass": false,
              "fail": true,
              "pending": false,
              "context": null,
              "code": "cy.get('.el-input__inner').wait(3000).click().type('鑫海').should('have.value', '鑫海') //输入框\n.get('.btn_light').should('be.visible') //地图概览的按钮\n.get('.search-count').should('be.visible') //设备概览的统计\n.get('.icon-filter').should('be.visible'); //筛选按钮",
              "err": {
                "message": "CypressError: `cy.click()` can only be called on a single element. Your subject contained 4 elements. Pass `{ multiple: true }` if you want to serially click each element.\n\nhttps://on.cypress.io/click",
                "estack": "CypressError: `cy.click()` can only be called on a single element. Your subject contained 4 elements. Pass `{ multiple: true }` if you want to serially click each element.\n\nhttps://on.cypress.io/click\n    at mouseAction (https://b2b-dev.digitalshell.com.cn/__cypress/runner/cypress_runner.js:138064:17)\n    at Context.click (https://b2b-dev.digitalshell.com.cn/__cypress/runner/cypress_runner.js:138243:14)\n    at Context.<anonymous> (https://b2b-dev.digitalshell.com.cn/__cypress/runner/cypress_runner.js:157772:21)\nFrom Your Spec Code:\n    at Context.eval (https://b2b-dev.digitalshell.com.cn/__cypress/tests?p=cypress/integration/2-shell-web-dev/shell-bi-dev.js:111:43)",
                "diff": null
              },
              "uuid": "f23fcb71-b5a7-44f8-8707-d57d21e42852",
              "parentUUID": "42761acb-704e-4dec-950b-745a91456194",
              "isHook": false,
              "skipped": false
            },
            {
              "title": "map",
              "fullTitle": "shell-web map",
              "timedOut": null,
              "duration": 4109,
              "state": "failed",
              "speed": null,
              "pass": false,
              "fail": true,
              "pending": false,
              "context": null,
              "code": "cy.get('.btn_light.overview-btn').click().get('.map-content').should('be.visible'); //地图\ncy.contains('返回首页').click().wait(2000);",
              "err": {
                "message": "AssertionError: Timed out retrying after 4000ms: Expected to find element: `.btn_light.overview-btn`, but never found it.",
                "estack": "AssertionError: Timed out retrying after 4000ms: Expected to find element: `.btn_light.overview-btn`, but never found it.\n    at Context.eval (https://b2b-dev.digitalshell.com.cn/__cypress/tests?p=cypress/integration/2-shell-web-dev/shell-bi-dev.js:117:8)",
                "diff": null
              },
              "uuid": "7e502e07-4ebd-493e-b7e6-4649bd87e7d9",
              "parentUUID": "42761acb-704e-4dec-950b-745a91456194",
              "isHook": false,
              "skipped": false
            },
            {
              "title": "monitor",
              "fullTitle": "shell-web monitor",
              "timedOut": null,
              "duration": 6438,
              "state": "failed",
              "speed": null,
              "pass": false,
              "fail": true,
              "pending": false,
              "context": null,
              "code": "cy.contains('实时监测').click().wait(2000).get('.statistics-overview-title').should('be.visible') //数据统计title\n.get('.title').should('be.visible'); //监测点title\ncy.contains('返回首页').click().get('.logo').should('be.visible'); //返回首页shell logo",
              "err": {
                "message": "AssertionError: Timed out retrying after 4000ms: expected '[ <div.title>, 61 more... ]' to be 'visible'\n\nThis element `[ <div.title>, 61 more... ]` is not visible because its content is being clipped by one of its parent elements, which has a CSS property of overflow: `hidden`, `scroll` or `auto`",
                "estack": "AssertionError: Timed out retrying after 4000ms: expected '[ <div.title>, 61 more... ]' to be 'visible'\n\nThis element `[ <div.title>, 61 more... ]` is not visible because its content is being clipped by one of its parent elements, which has a CSS property of overflow: `hidden`, `scroll` or `auto`\n    at Context.eval (https://b2b-dev.digitalshell.com.cn/__cypress/tests?p=cypress/integration/2-shell-web-dev/shell-bi-dev.js:123:20)",
                "diff": null
              },
              "uuid": "c2079fef-973a-4246-b715-07bcbfbf9e7a",
              "parentUUID": "42761acb-704e-4dec-950b-745a91456194",
              "isHook": false,
              "skipped": false
            },
            {
              "title": "dataReport",
              "fullTitle": "shell-web dataReport",
              "timedOut": null,
              "duration": 4319,
              "state": "failed",
              "speed": null,
              "pass": false,
              "fail": true,
              "pending": false,
              "context": null,
              "code": "cy.contains('数据报表').click().get('#page > div.sh-side-bar.side-bar > div.title-bar > ul > li.active').should('contain', '数据报表') //高亮实时监测\n.get('.btn.btn--active').children().should('contain', '设备信息'); //高亮设备信息\ncy.contains('服务工单').click().wait(5000).get('.btn.btn--active').children().should('contain', '服务工单'); //高亮服务工单\ncy.contains('维保记录').click().wait(5000).get('.btn.btn--active').children().should('contain', '维保记录'); //高亮维保记录\ncy.contains('自定义维保记录').click().wait(5000).get('.btn.btn--active').children().should('contain', '自定义维保记录'); //高亮自定义维保记录",
              "err": {
                "message": "CypressError: Timed out retrying after 4050ms: `cy.click()` failed because this element is not visible:\n\n`<div data-v-588c35aa=\"\" class=\"sh-side-bar-extra-menu\">数据报表</div>`\n\nThis element `<div.sh-side-bar-extra-menu>` is not visible because its parent `<div#el-popover-6176.el-popover.el-popper>` has CSS property: `display: none`\n\nFix this problem, or use `{force: true}` to disable error checking.\n\nhttps://on.cypress.io/element-cannot-be-interacted-with",
                "estack": "CypressError: Timed out retrying after 4050ms: `cy.click()` failed because this element is not visible:\n\n`<div data-v-588c35aa=\"\" class=\"sh-side-bar-extra-menu\">数据报表</div>`\n\nThis element `<div.sh-side-bar-extra-menu>` is not visible because its parent `<div#el-popover-6176.el-popover.el-popper>` has CSS property: `display: none`\n\nFix this problem, or use `{force: true}` to disable error checking.\n\nhttps://on.cypress.io/element-cannot-be-interacted-with\n    at $Cy.ensureVisibility (https://b2b-dev.digitalshell.com.cn/__cypress/runner/cypress_runner.js:148479:24)\n    at runAllChecks (https://b2b-dev.digitalshell.com.cn/__cypress/runner/cypress_runner.js:136145:14)\n    at retryActionability (https://b2b-dev.digitalshell.com.cn/__cypress/runner/cypress_runner.js:136199:16)\n    at tryCatcher (https://b2b-dev.digitalshell.com.cn/__cypress/runner/cypress_runner.js:13212:23)\n    at Function.Promise.attempt.Promise.try (https://b2b-dev.digitalshell.com.cn/__cypress/runner/cypress_runner.js:10486:29)\n    at tryFn (https://b2b-dev.digitalshell.com.cn/__cypress/runner/cypress_runner.js:153281:21)\n    at whenStable (https://b2b-dev.digitalshell.com.cn/__cypress/runner/cypress_runner.js:153319:12)\n    at https://b2b-dev.digitalshell.com.cn/__cypress/runner/cypress_runner.js:152811:16\n    at tryCatcher (https://b2b-dev.digitalshell.com.cn/__cypress/runner/cypress_runner.js:13212:23)\n    at Promise._settlePromiseFromHandler (https://b2b-dev.digitalshell.com.cn/__cypress/runner/cypress_runner.js:11147:31)\n    at Promise._settlePromise (https://b2b-dev.digitalshell.com.cn/__cypress/runner/cypress_runner.js:11204:18)\n    at Promise._settlePromise0 (https://b2b-dev.digitalshell.com.cn/__cypress/runner/cypress_runner.js:11249:10)\n    at Promise._settlePromises (https://b2b-dev.digitalshell.com.cn/__cypress/runner/cypress_runner.js:11329:18)\n    at Promise._fulfill (https://b2b-dev.digitalshell.com.cn/__cypress/runner/cypress_runner.js:11273:18)\n    at https://b2b-dev.digitalshell.com.cn/__cypress/runner/cypress_runner.js:12887:46\nFrom Your Spec Code:\n    at Context.eval (https://b2b-dev.digitalshell.com.cn/__cypress/tests?p=cypress/integration/2-shell-web-dev/shell-bi-dev.js:128:25)",
                "diff": null
              },
              "uuid": "6f8bd587-8565-4bd8-b5d3-1737702d104b",
              "parentUUID": "42761acb-704e-4dec-950b-745a91456194",
              "isHook": false,
              "skipped": false
            },
            {
              "title": "heathReport",
              "fullTitle": "shell-web heathReport",
              "timedOut": null,
              "duration": 2230,
              "state": "passed",
              "speed": "slow",
              "pass": true,
              "fail": false,
              "pending": false,
              "context": null,
              "code": "cy.contains('健康报告').click().get('#page > div.sh-side-bar.side-bar > div.title-bar > ul > li.active').should('contain', '健康报告') //高亮健康报告\n.wait(2000);\ncy.get('.add-btn').should('be.visible'); //创建报告的按钮",
              "err": {},
              "uuid": "a494abf9-d232-45c2-a5c5-6244f9915daf",
              "parentUUID": "42761acb-704e-4dec-950b-745a91456194",
              "isHook": false,
              "skipped": false
            },
            {
              "title": "manageIBC",
              "fullTitle": "shell-web manageIBC",
              "timedOut": null,
              "duration": 4232,
              "state": "failed",
              "speed": null,
              "pass": false,
              "fail": true,
              "pending": false,
              "context": null,
              "code": "cy.contains('管理IBC').click().get('#page > div.sh-side-bar.side-bar > div.title-bar > ul > li.active').should('contain', '管理IBC'); //高亮管理IBC",
              "err": {
                "message": "CypressError: Timed out retrying after 4050ms: `cy.click()` failed because this element is not visible:\n\n`<div data-v-588c35aa=\"\" class=\"sh-side-bar-extra-menu\">管理IBC</div>`\n\nThis element `<div.sh-side-bar-extra-menu>` is not visible because its parent `<div#el-popover-6176.el-popover.el-popper>` has CSS property: `display: none`\n\nFix this problem, or use `{force: true}` to disable error checking.\n\nhttps://on.cypress.io/element-cannot-be-interacted-with",
                "estack": "CypressError: Timed out retrying after 4050ms: `cy.click()` failed because this element is not visible:\n\n`<div data-v-588c35aa=\"\" class=\"sh-side-bar-extra-menu\">管理IBC</div>`\n\nThis element `<div.sh-side-bar-extra-menu>` is not visible because its parent `<div#el-popover-6176.el-popover.el-popper>` has CSS property: `display: none`\n\nFix this problem, or use `{force: true}` to disable error checking.\n\nhttps://on.cypress.io/element-cannot-be-interacted-with\n    at $Cy.ensureVisibility (https://b2b-dev.digitalshell.com.cn/__cypress/runner/cypress_runner.js:148479:24)\n    at runAllChecks (https://b2b-dev.digitalshell.com.cn/__cypress/runner/cypress_runner.js:136145:14)\n    at retryActionability (https://b2b-dev.digitalshell.com.cn/__cypress/runner/cypress_runner.js:136199:16)\n    at tryCatcher (https://b2b-dev.digitalshell.com.cn/__cypress/runner/cypress_runner.js:13212:23)\n    at Function.Promise.attempt.Promise.try (https://b2b-dev.digitalshell.com.cn/__cypress/runner/cypress_runner.js:10486:29)\n    at tryFn (https://b2b-dev.digitalshell.com.cn/__cypress/runner/cypress_runner.js:153281:21)\n    at whenStable (https://b2b-dev.digitalshell.com.cn/__cypress/runner/cypress_runner.js:153319:12)\n    at https://b2b-dev.digitalshell.com.cn/__cypress/runner/cypress_runner.js:152811:16\n    at tryCatcher (https://b2b-dev.digitalshell.com.cn/__cypress/runner/cypress_runner.js:13212:23)\n    at Promise._settlePromiseFromHandler (https://b2b-dev.digitalshell.com.cn/__cypress/runner/cypress_runner.js:11147:31)\n    at Promise._settlePromise (https://b2b-dev.digitalshell.com.cn/__cypress/runner/cypress_runner.js:11204:18)\n    at Promise._settlePromise0 (https://b2b-dev.digitalshell.com.cn/__cypress/runner/cypress_runner.js:11249:10)\n    at Promise._settlePromises (https://b2b-dev.digitalshell.com.cn/__cypress/runner/cypress_runner.js:11329:18)\n    at Promise._fulfill (https://b2b-dev.digitalshell.com.cn/__cypress/runner/cypress_runner.js:11273:18)\n    at https://b2b-dev.digitalshell.com.cn/__cypress/runner/cypress_runner.js:12887:46\nFrom Your Spec Code:\n    at Context.eval (https://b2b-dev.digitalshell.com.cn/__cypress/tests?p=cypress/integration/2-shell-web-dev/shell-bi-dev.js:143:26)",
                "diff": null
              },
              "uuid": "6dcd6263-052d-41fc-bf53-4271792c45b1",
              "parentUUID": "42761acb-704e-4dec-950b-745a91456194",
              "isHook": false,
              "skipped": false
            },
            {
              "title": "suite",
              "fullTitle": "shell-web suite",
              "timedOut": null,
              "duration": 206,
              "state": "passed",
              "speed": "slow",
              "pass": true,
              "fail": false,
              "pending": false,
              "context": null,
              "code": "cy.contains('油检套餐管理').click().get('#page > div.content > div > div > div > div > div:nth-child(1) > div.sh-table-header_left > div > div > button.btn.btn--active > span').should('contain', '油检套餐');",
              "err": {},
              "uuid": "4ceb1d2b-89ef-447e-9b31-e919f8f80380",
              "parentUUID": "42761acb-704e-4dec-950b-745a91456194",
              "isHook": false,
              "skipped": false
            },
            {
              "title": "operationPlatform",
              "fullTitle": "shell-web operationPlatform",
              "timedOut": null,
              "duration": 4153,
              "state": "failed",
              "speed": null,
              "pass": false,
              "fail": true,
              "pending": false,
              "context": null,
              "code": "cy.contains('运维平台').click().wait(2000);\ncy.get('.el-menu-item.is-active').should('contain', '数采设备') //高亮数彩设备// .\n.wait(2000);\ncy.contains('网关烧录').click().wait(2000).get('.el-menu-item.is-active').should('contain', '网关烧录'); //高亮网关烧录//\ncy.contains('监测点管理').click().wait(2000).get('.el-menu-item.is-active').should('contain', '监测点管理'); //高亮监测点管理//\ncy.contains('告警列表').click().wait(2000).get('.el-menu-item.is-active').should('contain', '告警列表'); //高亮告警列表//\ncy.contains('返回首页').click();",
              "err": {
                "message": "AssertionError: Timed out retrying after 4000ms: Expected to find content: '运维平台' but never did.",
                "estack": "AssertionError: Timed out retrying after 4000ms: Expected to find content: '运维平台' but never did.\n    at Context.eval (https://b2b-dev.digitalshell.com.cn/__cypress/tests?p=cypress/integration/2-shell-web-dev/shell-bi-dev.js:149:8)",
                "diff": null
              },
              "uuid": "a15a9ece-60b2-4f75-8d93-66063807c77e",
              "parentUUID": "42761acb-704e-4dec-950b-745a91456194",
              "isHook": false,
              "skipped": false
            }
          ],
          "suites": [],
          "passes": [
            "a494abf9-d232-45c2-a5c5-6244f9915daf",
            "4ceb1d2b-89ef-447e-9b31-e919f8f80380"
          ],
          "failures": [
            "401a40bb-9409-4334-b2f2-ac438484c827",
            "f23fcb71-b5a7-44f8-8707-d57d21e42852",
            "7e502e07-4ebd-493e-b7e6-4649bd87e7d9",
            "c2079fef-973a-4246-b715-07bcbfbf9e7a",
            "6f8bd587-8565-4bd8-b5d3-1737702d104b",
            "6dcd6263-052d-41fc-bf53-4271792c45b1",
            "a15a9ece-60b2-4f75-8d93-66063807c77e"
          ],
          "pending": [],
          "skipped": [],
          "duration": 37549,
          "root": false,
          "rootEmpty": false,
          "_timeout": 2000
        }
      ],
      "passes": [],
      "failures": [],
      "pending": [],
      "skipped": [],
      "duration": 0,
      "root": true,
      "rootEmpty": true,
      "_timeout": 2000
    }
  ],
  "meta": {
    "mocha": {
      "version": "7.0.1"
    },
    "mochawesome": {
      "options": {
        "quiet": false,
        "reportFilename": "mochawesome",
        "saveHtml": false,
        "saveJson": true,
        "consoleReporter": "spec",
        "useInlineDiffs": false,
        "code": true
      },
      "version": "6.2.2"
    },
    "marge": {
      "options": {
        "reportDir": "cypress/results",
        "overwrite": false,
        "html": false,
        "json": true
      },
      "version": "5.2.0"
    }
  }
}