{
  "stats": {
    "suites": 1,
    "tests": 8,
    "passes": 5,
    "pending": 0,
    "failures": 3,
    "start": "2022-02-28T08:16:07.048Z",
    "end": "2022-02-28T08:16:59.710Z",
    "duration": 52662,
    "testsRegistered": 8,
    "passPercent": 62.5,
    "pendingPercent": 0,
    "other": 0,
    "hasOther": false,
    "skipped": 0,
    "hasSkipped": false
  },
  "results": [
    {
      "uuid": "78d9ee13-edce-4bac-bfa0-2c306f93e24c",
      "title": "",
      "fullFile": "cypress/integration/1-shell-web/shell-bi.js",
      "file": "cypress/integration/1-shell-web/shell-bi.js",
      "beforeHooks": [],
      "afterHooks": [],
      "tests": [],
      "suites": [
        {
          "uuid": "5d0d5222-1b1c-4215-a908-eabde37cfb05",
          "title": "shell-web",
          "fullFile": "",
          "file": "",
          "beforeHooks": [],
          "afterHooks": [],
          "tests": [
            {
              "title": "login",
              "fullTitle": "shell-web login",
              "timedOut": null,
              "duration": 8916,
              "state": "failed",
              "speed": null,
              "pass": false,
              "fail": true,
              "pending": false,
              "context": null,
              "code": "cy.visit('https://b2b.digitalshell.com.cn/shell/bi/#/').get('#kc-page-logo').should('be.visible').get('#username').clear().type('xcli@thoughtworks.com').get('#password').clear().type('Xcli@thoughtworks.com1').get('#kc-login').click().get('.logo').should('be.visible') //shell logo\n.get('#page > div.sh-side-bar.side-bar > div.title-bar > ul > li.active').should('contain', '设备概览') //高亮第一个\n.get('.icon-chevrons-right.rotate').should('be.visible');\ncy.get('.icon-chevrons-right.rotate').click() //箭头\n.get('.icon-chevrons-right').should('be.visible');\ncy.get('.icon-chevrons-right').click();",
              "err": {
                "message": "AssertionError: Timed out retrying after 4000ms: expected '<li.active>' to contain '设备概览'",
                "estack": "AssertionError: Timed out retrying after 4000ms: expected '<li.active>' to contain '设备概览'\n    at Context.eval (https://b2b.digitalshell.com.cn/__cypress/tests?p=cypress/integration/1-shell-web/shell-bi.js:104:79)",
                "diff": null
              },
              "uuid": "70fc7e8d-d999-4bcd-a7ae-5e1ec2b646e7",
              "parentUUID": "5d0d5222-1b1c-4215-a908-eabde37cfb05",
              "isHook": false,
              "skipped": false
            },
            {
              "title": "equipment",
              "fullTitle": "shell-web equipment",
              "timedOut": null,
              "duration": 3159,
              "state": "failed",
              "speed": null,
              "pass": false,
              "fail": true,
              "pending": false,
              "context": null,
              "code": "cy.get('.el-input__inner').wait(3000).click().type('鑫海').should('have.value', '鑫海') //输入框\n.get('.btn_light').should('be.visible') //地图概览的按钮\n.get('.search-count').should('be.visible') //设备概览的统计\n.get('.icon-filter').should('be.visible'); //筛选按钮",
              "err": {
                "message": "CypressError: `cy.click()` can only be called on a single element. Your subject contained 4 elements. Pass `{ multiple: true }` if you want to serially click each element.\n\nhttps://on.cypress.io/click",
                "estack": "CypressError: `cy.click()` can only be called on a single element. Your subject contained 4 elements. Pass `{ multiple: true }` if you want to serially click each element.\n\nhttps://on.cypress.io/click\n    at mouseAction (https://b2b.digitalshell.com.cn/__cypress/runner/cypress_runner.js:138064:17)\n    at Context.click (https://b2b.digitalshell.com.cn/__cypress/runner/cypress_runner.js:138243:14)\n    at Context.<anonymous> (https://b2b.digitalshell.com.cn/__cypress/runner/cypress_runner.js:157772:21)\nFrom Your Spec Code:\n    at Context.eval (https://b2b.digitalshell.com.cn/__cypress/tests?p=cypress/integration/1-shell-web/shell-bi.js:111:43)",
                "diff": null
              },
              "uuid": "77d9f92a-6639-4a78-9146-effc62e48f1e",
              "parentUUID": "5d0d5222-1b1c-4215-a908-eabde37cfb05",
              "isHook": false,
              "skipped": false
            },
            {
              "title": "map",
              "fullTitle": "shell-web map",
              "timedOut": null,
              "duration": 4125,
              "state": "failed",
              "speed": null,
              "pass": false,
              "fail": true,
              "pending": false,
              "context": null,
              "code": "cy.get('.btn_light').click().wait(2000).get('.map-content').should('be.visible'); //地图\ncy.contains('返回首页').click().wait(2000);",
              "err": {
                "message": "AssertionError: Timed out retrying after 4000ms: Expected to find element: `.btn_light`, but never found it.",
                "estack": "AssertionError: Timed out retrying after 4000ms: Expected to find element: `.btn_light`, but never found it.\n    at Context.eval (https://b2b.digitalshell.com.cn/__cypress/tests?p=cypress/integration/1-shell-web/shell-bi.js:117:8)",
                "diff": null
              },
              "uuid": "c62a9693-38d0-41da-bb49-c642c7769977",
              "parentUUID": "5d0d5222-1b1c-4215-a908-eabde37cfb05",
              "isHook": false,
              "skipped": false
            },
            {
              "title": "monitor",
              "fullTitle": "shell-web monitor",
              "timedOut": null,
              "duration": 4858,
              "state": "passed",
              "speed": "slow",
              "pass": true,
              "fail": false,
              "pending": false,
              "context": null,
              "code": "cy.contains('实时监测').click().wait(2000).get('.logo').should('be.visible').get('.btn_light').click().wait(2000).get('.logo-container').should('be.visible').get('.el-checkbox-group').should('be.visible'); //监测点列表\ncy.contains('返回首页').click().get('.logo').should('be.visible'); //返回首页shell logo",
              "err": {},
              "uuid": "122c9a77-1567-4e7f-ab46-acd563fd38de",
              "parentUUID": "5d0d5222-1b1c-4215-a908-eabde37cfb05",
              "isHook": false,
              "skipped": false
            },
            {
              "title": "dataReport",
              "fullTitle": "shell-web dataReport",
              "timedOut": null,
              "duration": 16153,
              "state": "passed",
              "speed": "slow",
              "pass": true,
              "fail": false,
              "pending": false,
              "context": null,
              "code": "cy.contains('数据报表').click().get('#page > div.sh-side-bar.side-bar > div.title-bar > ul > li.active').should('contain', '数据报表') //高亮实时监测\n.get('.btn.btn--active').children().should('contain', '设备信息'); //高亮设备信息\ncy.contains('服务工单').click().wait(5000).get('.btn.btn--active').children().should('contain', '服务工单'); //高亮服务工单\ncy.contains('维保记录').click().wait(5000).get('.btn.btn--active').children().should('contain', '维保记录'); //高亮维保记录\ncy.contains('自定义维保记录').click().wait(5000).get('.btn.btn--active').children().should('contain', '自定义维保记录'); //高亮自定义维保记录",
              "err": {},
              "uuid": "6578b391-a053-4b6f-bc48-e97f3a0acbf0",
              "parentUUID": "5d0d5222-1b1c-4215-a908-eabde37cfb05",
              "isHook": false,
              "skipped": false
            },
            {
              "title": "heathReport",
              "fullTitle": "shell-web heathReport",
              "timedOut": null,
              "duration": 2124,
              "state": "passed",
              "speed": "slow",
              "pass": true,
              "fail": false,
              "pending": false,
              "context": null,
              "code": "cy.contains('健康报告').click().get('#page > div.sh-side-bar.side-bar > div.title-bar > ul > li.active').should('contain', '健康报告') //高亮健康报告\n.wait(2000);\ncy.get('.add-btn').should('be.visible'); //创建报告的按钮",
              "err": {},
              "uuid": "e8b861df-2e7e-42b1-a506-c90cd13a5a96",
              "parentUUID": "5d0d5222-1b1c-4215-a908-eabde37cfb05",
              "isHook": false,
              "skipped": false
            },
            {
              "title": "manageIBC",
              "fullTitle": "shell-web manageIBC",
              "timedOut": null,
              "duration": 119,
              "state": "passed",
              "speed": "slow",
              "pass": true,
              "fail": false,
              "pending": false,
              "context": null,
              "code": "cy.contains('管理IBC').click().get('#page > div.sh-side-bar.side-bar > div.title-bar > ul > li.active').should('contain', '管理IBC'); //高亮管理IBC",
              "err": {},
              "uuid": "0ce7b025-ba3b-4569-9285-edcf1cc44744",
              "parentUUID": "5d0d5222-1b1c-4215-a908-eabde37cfb05",
              "isHook": false,
              "skipped": false
            },
            {
              "title": "operationPlatform",
              "fullTitle": "shell-web operationPlatform",
              "timedOut": null,
              "duration": 11917,
              "state": "passed",
              "speed": "slow",
              "pass": true,
              "fail": false,
              "pending": false,
              "context": null,
              "code": "cy.contains('运维平台').click().wait(2000);\ncy.get('.el-menu-item.is-active').should('contain', '数采设备') //高亮数彩设备// .\n.wait(2000);\ncy.contains('网关烧录').click().wait(2000).get('.el-menu-item.is-active').should('contain', '网关烧录'); //高亮网关烧录//\ncy.contains('监测点管理').click().wait(2000).get('.el-menu-item.is-active').should('contain', '监测点管理'); //高亮监测点管理//\ncy.contains('告警列表').click().wait(2000).get('.el-menu-item.is-active').should('contain', '告警列表'); //高亮告警列表//\ncy.contains('返回首页').click();",
              "err": {},
              "uuid": "e10ba3da-0f13-4434-a811-67c7c9ce4aed",
              "parentUUID": "5d0d5222-1b1c-4215-a908-eabde37cfb05",
              "isHook": false,
              "skipped": false
            }
          ],
          "suites": [],
          "passes": [
            "122c9a77-1567-4e7f-ab46-acd563fd38de",
            "6578b391-a053-4b6f-bc48-e97f3a0acbf0",
            "e8b861df-2e7e-42b1-a506-c90cd13a5a96",
            "0ce7b025-ba3b-4569-9285-edcf1cc44744",
            "e10ba3da-0f13-4434-a811-67c7c9ce4aed"
          ],
          "failures": [
            "70fc7e8d-d999-4bcd-a7ae-5e1ec2b646e7",
            "77d9f92a-6639-4a78-9146-effc62e48f1e",
            "c62a9693-38d0-41da-bb49-c642c7769977"
          ],
          "pending": [],
          "skipped": [],
          "duration": 51371,
          "root": false,
          "rootEmpty": false,
          "_timeout": 2000
        }
      ],
      "passes": [],
      "failures": [],
      "pending": [],
      "skipped": [],
      "duration": 0,
      "root": true,
      "rootEmpty": true,
      "_timeout": 2000
    }
  ],
  "meta": {
    "mocha": {
      "version": "7.0.1"
    },
    "mochawesome": {
      "options": {
        "quiet": false,
        "reportFilename": "mochawesome",
        "saveHtml": false,
        "saveJson": true,
        "consoleReporter": "spec",
        "useInlineDiffs": false,
        "code": true
      },
      "version": "6.2.2"
    },
    "marge": {
      "options": {
        "reportDir": "cypress/results",
        "overwrite": false,
        "html": false,
        "json": true
      },
      "version": "5.2.0"
    }
  }
}