{
  "stats": {
    "suites": 1,
    "tests": 7,
    "passes": 7,
    "pending": 0,
    "failures": 0,
    "start": "2021-09-10T07:20:38.049Z",
    "end": "2021-09-10T07:21:03.009Z",
    "duration": 24960,
    "testsRegistered": 7,
    "passPercent": 100,
    "pendingPercent": 0,
    "other": 0,
    "hasOther": false,
    "skipped": 0,
    "hasSkipped": false
  },
  "results": [
    {
      "uuid": "21980b5b-e259-40d3-ac30-64fe41277ed9",
      "title": "",
      "fullFile": "cypress/integration/1-shell-web/shell-bi.js",
      "file": "cypress/integration/1-shell-web/shell-bi.js",
      "beforeHooks": [],
      "afterHooks": [],
      "tests": [],
      "suites": [
        {
          "uuid": "52b891a4-3e3c-49b8-b3ab-8fb9d34f92f2",
          "title": "shell-web",
          "fullFile": "",
          "file": "",
          "beforeHooks": [],
          "afterHooks": [],
          "tests": [
            {
              "title": "login",
              "fullTitle": "shell-web login",
              "timedOut": null,
              "duration": 4099,
              "state": "passed",
              "speed": "slow",
              "pass": true,
              "fail": false,
              "pending": false,
              "context": null,
              "code": "cy.visit('https://b2b.digitalshell.com.cn/shell/bi/#/').get('#kc-page-logo').should('be.visible').get('#username').clear().type('xcli@thoughtworks.com').get('#password').clear().type('Xcli@thoughtworks.com1').get('#kc-login').click().get('.logo').should('be.visible') //shell logo\n.get('#page > div.sh-side-bar.side-bar > div.title-bar > ul > li.active').should('contain', '设备概览'); //高亮第一个",
              "err": {},
              "uuid": "52561aa5-6d19-4435-a0a1-4d9062719dc4",
              "parentUUID": "52b891a4-3e3c-49b8-b3ab-8fb9d34f92f2",
              "isHook": false,
              "skipped": false
            },
            {
              "title": "equipment",
              "fullTitle": "shell-web equipment",
              "timedOut": null,
              "duration": 3260,
              "state": "passed",
              "speed": "slow",
              "pass": true,
              "fail": false,
              "pending": false,
              "context": null,
              "code": "cy.get('.el-input__inner').wait(3000).click().type('鑫海').should('have.value', '鑫海') //输入框\n.get('.btn_light').should('be.visible') //地图概览的按钮\n.get('.search-count').should('be.visible'); //设备概览的统计",
              "err": {},
              "uuid": "9f018198-3722-4bc1-a5f5-59f9061f3f3f",
              "parentUUID": "52b891a4-3e3c-49b8-b3ab-8fb9d34f92f2",
              "isHook": false,
              "skipped": false
            },
            {
              "title": "map",
              "fullTitle": "shell-web map",
              "timedOut": null,
              "duration": 4250,
              "state": "passed",
              "speed": "slow",
              "pass": true,
              "fail": false,
              "pending": false,
              "context": null,
              "code": "cy.get('.btn_light').click().wait(2000).get('.map-content').should('be.visible'); //地图\ncy.contains('返回首页').click().wait(2000);",
              "err": {},
              "uuid": "db4f840b-ab11-4c9d-a58c-a9c00f0cd79b",
              "parentUUID": "52b891a4-3e3c-49b8-b3ab-8fb9d34f92f2",
              "isHook": false,
              "skipped": false
            },
            {
              "title": "monitor",
              "fullTitle": "shell-web monitor",
              "timedOut": null,
              "duration": 4369,
              "state": "passed",
              "speed": "slow",
              "pass": true,
              "fail": false,
              "pending": false,
              "context": null,
              "code": "cy.contains('实时监测').click().wait(2000).get('.logo').should('be.visible').get('.btn_light').click().wait(2000).get('.logo-container').should('be.visible');\ncy.contains('返回首页').click().get('.logo').should('be.visible'); //返回首页shell logo",
              "err": {},
              "uuid": "1be57809-9dcb-46ed-b34c-30371eabb6ee",
              "parentUUID": "52b891a4-3e3c-49b8-b3ab-8fb9d34f92f2",
              "isHook": false,
              "skipped": false
            },
            {
              "title": "dataReport",
              "fullTitle": "shell-web dataReport",
              "timedOut": null,
              "duration": 122,
              "state": "passed",
              "speed": "slow",
              "pass": true,
              "fail": false,
              "pending": false,
              "context": null,
              "code": "cy.contains('数据报表').click().get('#page > div.sh-side-bar.side-bar > div.title-bar > ul > li.active').should('contain', '数据报表'); //高亮实时监测",
              "err": {},
              "uuid": "3fc0434a-836a-46f1-a76d-fa9c710a4d97",
              "parentUUID": "52b891a4-3e3c-49b8-b3ab-8fb9d34f92f2",
              "isHook": false,
              "skipped": false
            },
            {
              "title": "heathReport",
              "fullTitle": "shell-web heathReport",
              "timedOut": null,
              "duration": 2242,
              "state": "passed",
              "speed": "slow",
              "pass": true,
              "fail": false,
              "pending": false,
              "context": null,
              "code": "cy.contains('健康报告').click().get('#page > div.sh-side-bar.side-bar > div.title-bar > ul > li.active').should('contain', '健康报告') //高亮健康报告\n.wait(2000);",
              "err": {},
              "uuid": "a8b9e52d-3578-45c3-8dac-8b2ad9aed107",
              "parentUUID": "52b891a4-3e3c-49b8-b3ab-8fb9d34f92f2",
              "isHook": false,
              "skipped": false
            },
            {
              "title": "operationPlatform",
              "fullTitle": "shell-web operationPlatform",
              "timedOut": null,
              "duration": 5261,
              "state": "passed",
              "speed": "slow",
              "pass": true,
              "fail": false,
              "pending": false,
              "context": null,
              "code": "cy.contains('运维平台').click().wait(2000);\ncy.get('body > div.main > div > div > div.main-content-menu > div.menu-content > ul > li.el-menu-item.is-active').should('contain', '数采设备') //高亮数彩设备// .\n.wait(2000);\ncy.contains('首页').click();",
              "err": {},
              "uuid": "bf8c9dff-407c-4862-bdb3-d0796bd21eed",
              "parentUUID": "52b891a4-3e3c-49b8-b3ab-8fb9d34f92f2",
              "isHook": false,
              "skipped": false
            }
          ],
          "suites": [],
          "passes": [
            "52561aa5-6d19-4435-a0a1-4d9062719dc4",
            "9f018198-3722-4bc1-a5f5-59f9061f3f3f",
            "db4f840b-ab11-4c9d-a58c-a9c00f0cd79b",
            "1be57809-9dcb-46ed-b34c-30371eabb6ee",
            "3fc0434a-836a-46f1-a76d-fa9c710a4d97",
            "a8b9e52d-3578-45c3-8dac-8b2ad9aed107",
            "bf8c9dff-407c-4862-bdb3-d0796bd21eed"
          ],
          "failures": [],
          "pending": [],
          "skipped": [],
          "duration": 23603,
          "root": false,
          "rootEmpty": false,
          "_timeout": 2000
        }
      ],
      "passes": [],
      "failures": [],
      "pending": [],
      "skipped": [],
      "duration": 0,
      "root": true,
      "rootEmpty": true,
      "_timeout": 2000
    }
  ],
  "meta": {
    "mocha": {
      "version": "7.0.1"
    },
    "mochawesome": {
      "options": {
        "quiet": false,
        "reportFilename": "mochawesome",
        "saveHtml": false,
        "saveJson": true,
        "consoleReporter": "spec",
        "useInlineDiffs": false,
        "code": true
      },
      "version": "6.2.2"
    },
    "marge": {
      "options": {
        "reportDir": "cypress/results",
        "overwrite": false,
        "html": false,
        "json": true
      },
      "version": "5.2.0"
    }
  }
}